TN:
SF:01-requestcount.js
FN:12,requestCountMiddleware
FNF:1
FNH:1
FNDA:12,requestCountMiddleware
DA:1,1
DA:2,1
DA:3,1
DA:4,1
DA:5,1
DA:6,1
DA:7,1
DA:8,1
DA:9,1
DA:10,1
DA:11,1
DA:12,12
DA:13,12
DA:14,12
DA:15,12
DA:16,1
DA:17,1
DA:18,10
DA:19,1
DA:20,1
DA:21,1
DA:22,0
DA:23,1
DA:24,1
DA:25,1
DA:26,2
DA:27,1
DA:28,1
DA:29,1
LF:29
LH:28
BRDA:12,0,0,12
BRDA:17,1,0,10
BRDA:25,2,0,2
BRF:3
BRH:3
end_of_record
TN:
SF:02-ratelimitter.js
FNF:0
FNH:0
DA:1,1
DA:2,1
DA:3,1
DA:4,1
DA:5,1
DA:6,1
DA:7,1
DA:8,1
DA:9,1
DA:10,1
DA:11,1
DA:12,1
DA:13,1
DA:14,1
DA:15,1
DA:16,2
DA:17,1
DA:18,1
DA:19,1
DA:20,13
DA:21,13
DA:22,7
DA:23,13
DA:24,6
DA:25,6
DA:26,6
DA:27,13
DA:28,1
DA:29,1
DA:30,1
DA:31,6
DA:32,1
DA:33,1
DA:34,1
DA:35,0
DA:36,1
DA:37,1
DA:38,1
LF:38
LH:37
BRDA:15,0,0,2
BRDA:19,1,0,13
BRDA:21,2,0,11
BRDA:21,3,0,7
BRDA:23,4,0,6
BRDA:24,5,0,4
BRDA:24,6,0,2
BRDA:30,7,0,6
BRF:8
BRH:8
end_of_record
TN:
SF:03-errorcount.js
FN:13,errorCountMiddleware
FNF:1
FNH:1
FNDA:11,errorCountMiddleware
DA:1,1
DA:2,1
DA:3,1
DA:4,1
DA:5,1
DA:6,1
DA:7,1
DA:8,1
DA:9,1
DA:10,1
DA:11,1
DA:12,1
DA:13,11
DA:14,11
DA:15,11
DA:16,11
DA:17,11
DA:18,11
DA:19,1
DA:20,1
DA:21,11
DA:22,0
DA:23,1
DA:24,1
DA:25,1
DA:26,0
DA:27,1
DA:28,1
DA:29,1
DA:30,2
DA:31,1
DA:32,1
DA:33,1
DA:34,1
LF:34
LH:32
BRDA:13,0,0,11
BRDA:20,1,0,11
BRDA:21,2,0,0
BRDA:29,3,0,2
BRF:4
BRH:3
end_of_record
